2007.05.15 20:49 B F:\programming\z_revival\etsm\doc\html\_e_t_brush_8h.html --> oddbeat.de /htdocs/www/etmdocs _e_t_brush_8h.html
2007.05.15 20:49 B F:\programming\z_revival\etsm\doc\html\_e_t_prerequisites_8h.html --> oddbeat.de /htdocs/www/etmdocs _e_t_prerequisites_8h.html
2007.05.15 20:49 B F:\programming\z_revival\etsm\doc\html\_e_t_splatting_manager_8h.html --> oddbeat.de /htdocs/www/etmdocs _e_t_splatting_manager_8h.html
2007.05.15 20:49 B F:\programming\z_revival\etsm\doc\html\_e_t_terrain_info_8h.html --> oddbeat.de /htdocs/www/etmdocs _e_t_terrain_info_8h.html
2007.05.15 20:49 B F:\programming\z_revival\etsm\doc\html\_e_t_terrain_manager_8h.html --> oddbeat.de /htdocs/www/etmdocs _e_t_terrain_manager_8h.html
2007.05.15 20:49 B F:\programming\z_revival\etsm\doc\html\annotated.html --> oddbeat.de /htdocs/www/etmdocs annotated.html
2007.05.15 20:49 B F:\programming\z_revival\etsm\doc\html\class_e_t_1_1_brush-members.html --> oddbeat.de /htdocs/www/etmdocs class_e_t_1_1_brush-members.html
2007.05.15 20:49 B F:\programming\z_revival\etsm\doc\html\class_e_t_1_1_brush.html --> oddbeat.de /htdocs/www/etmdocs class_e_t_1_1_brush.html
2007.05.15 20:49 B F:\programming\z_revival\etsm\doc\html\class_e_t_1_1_splatting_manager-members.html --> oddbeat.de /htdocs/www/etmdocs class_e_t_1_1_splatting_manager-members.html
2007.05.15 20:49 B F:\programming\z_revival\etsm\doc\html\class_e_t_1_1_splatting_manager.html --> oddbeat.de /htdocs/www/etmdocs class_e_t_1_1_splatting_manager.html
2007.05.15 20:49 B F:\programming\z_revival\etsm\doc\html\class_e_t_1_1_terrain_info-members.html --> oddbeat.de /htdocs/www/etmdocs class_e_t_1_1_terrain_info-members.html
2007.05.15 20:49 B F:\programming\z_revival\etsm\doc\html\class_e_t_1_1_terrain_info.html --> oddbeat.de /htdocs/www/etmdocs class_e_t_1_1_terrain_info.html
2007.05.15 20:49 B F:\programming\z_revival\etsm\doc\html\class_e_t_1_1_terrain_manager-members.html --> oddbeat.de /htdocs/www/etmdocs class_e_t_1_1_terrain_manager-members.html
2007.05.15 20:49 B F:\programming\z_revival\etsm\doc\html\class_e_t_1_1_terrain_manager.html --> oddbeat.de /htdocs/www/etmdocs class_e_t_1_1_terrain_manager.html
2007.05.15 20:50 B F:\programming\z_revival\etsm\doc\html\doxygen.css --> oddbeat.de /htdocs/www/etmdocs doxygen.css
2007.05.15 20:50 B F:\programming\z_revival\etsm\doc\html\doxygen.png --> oddbeat.de /htdocs/www/etmdocs doxygen.png
2007.05.15 20:50 B F:\programming\z_revival\etsm\doc\html\files.html --> oddbeat.de /htdocs/www/etmdocs files.html
2007.05.15 20:50 B F:\programming\z_revival\etsm\doc\html\functions.html --> oddbeat.de /htdocs/www/etmdocs functions.html
2007.05.15 20:50 B F:\programming\z_revival\etsm\doc\html\functions_func.html --> oddbeat.de /htdocs/www/etmdocs functions_func.html
2007.05.15 20:50 B F:\programming\z_revival\etsm\doc\html\functions_vars.html --> oddbeat.de /htdocs/www/etmdocs functions_vars.html
2007.05.15 20:50 B F:\programming\z_revival\etsm\doc\html\globals.html --> oddbeat.de /htdocs/www/etmdocs globals.html
2007.05.15 20:50 B F:\programming\z_revival\etsm\doc\html\globals_defs.html --> oddbeat.de /htdocs/www/etmdocs globals_defs.html
2007.05.15 20:50 B F:\programming\z_revival\etsm\doc\html\globals_func.html --> oddbeat.de /htdocs/www/etmdocs globals_func.html
2007.05.15 20:50 B F:\programming\z_revival\etsm\doc\html\globals_type.html --> oddbeat.de /htdocs/www/etmdocs globals_type.html
2007.05.15 20:50 B F:\programming\z_revival\etsm\doc\html\index.html --> oddbeat.de /htdocs/www/etmdocs index.html
2007.05.15 20:50 B F:\programming\z_revival\etsm\doc\html\namespace_e_t.html --> oddbeat.de /htdocs/www/etmdocs namespace_e_t.html
2007.05.15 20:50 B F:\programming\z_revival\etsm\doc\html\namespace_e_t_1_1_impl.html --> oddbeat.de /htdocs/www/etmdocs namespace_e_t_1_1_impl.html
2007.05.15 20:50 B F:\programming\z_revival\etsm\doc\html\namespace_ogre.html --> oddbeat.de /htdocs/www/etmdocs namespace_ogre.html
2007.05.15 20:50 B F:\programming\z_revival\etsm\doc\html\namespacemembers.html --> oddbeat.de /htdocs/www/etmdocs namespacemembers.html
2007.05.15 20:50 B F:\programming\z_revival\etsm\doc\html\namespacemembers_func.html --> oddbeat.de /htdocs/www/etmdocs namespacemembers_func.html
2007.05.15 20:50 B F:\programming\z_revival\etsm\doc\html\namespacemembers_type.html --> oddbeat.de /htdocs/www/etmdocs namespacemembers_type.html
2007.05.15 20:50 B F:\programming\z_revival\etsm\doc\html\namespaces.html --> oddbeat.de /htdocs/www/etmdocs namespaces.html
2007.05.15 20:50 B F:\programming\z_revival\etsm\doc\html\tab_b.gif --> oddbeat.de /htdocs/www/etmdocs tab_b.gif
2007.05.15 20:50 B F:\programming\z_revival\etsm\doc\html\tab_l.gif --> oddbeat.de /htdocs/www/etmdocs tab_l.gif
2007.05.15 20:50 B F:\programming\z_revival\etsm\doc\html\tab_r.gif --> oddbeat.de /htdocs/www/etmdocs tab_r.gif
2007.05.15 20:50 B F:\programming\z_revival\etsm\doc\html\tabs.css --> oddbeat.de /htdocs/www/etmdocs tabs.css
